[29/05/2025, 11:06:00]: Executing pluginKey plugin-oas.1 | buildStart
[29/05/2025, 11:06:00]: Executing pluginKey plugin-ts.1 | buildStart
[29/05/2025, 11:06:00]: Executing pluginKey plugin-client.1 | buildStart
[29/05/2025, 11:06:00]: Executing pluginKey plugin-oas.1 | Resolving path 'getTabelaProducaoDiarioDTO.json'
[29/05/2025, 11:06:00]: Executed pluginKey plugin-oas.1 | Resolving path 'getTabelaProducaoDiarioDTO.json' |  "C:\\workspace\\PlanejamentoEthosPortal\\src\\api\\schemas\\getTabelaProducaoDiarioDTO.json"
[29/05/2025, 11:06:00]: Executing pluginKey plugin-oas.1 | Resolving path 'salvarTabelaProducaoDiarioDTO.json'
[29/05/2025, 11:06:00]: Executed pluginKey plugin-oas.1 | Resolving path 'salvarTabelaProducaoDiarioDTO.json' |  "C:\\workspace\\PlanejamentoEthosPortal\\src\\api\\schemas\\salvarTabelaProducaoDiarioDTO.json"
[29/05/2025, 11:06:00]: Executed pluginKey plugin-oas.1 | buildStart |  undefined
[29/05/2025, 11:06:00]: Executing pluginKey plugin-ts.1 | Resolving name 'GetTabelaProducaoDiarioDTO' and type 'function'
[29/05/2025, 11:06:00]: Executed pluginKey plugin-ts.1 | Resolving name 'GetTabelaProducaoDiarioDTO' and type 'function' |  "GetTabelaProducaoDiarioDTO"
[29/05/2025, 11:06:00]: Executing pluginKey plugin-ts.1 | Resolving name 'GetTabelaProducaoDiarioDTO' and type 'type'
[29/05/2025, 11:06:00]: Executed pluginKey plugin-ts.1 | Resolving name 'GetTabelaProducaoDiarioDTO' and type 'type' |  "GetTabelaProducaoDiarioDTO"
[29/05/2025, 11:06:00]: Executing pluginKey plugin-ts.1 | Resolving name 'GetTabelaProducaoDiarioDTO' and type 'file'
[29/05/2025, 11:06:00]: Executed pluginKey plugin-ts.1 | Resolving name 'GetTabelaProducaoDiarioDTO' and type 'file' |  "GetTabelaProducaoDiarioDTO"
[29/05/2025, 11:06:00]: Executing pluginKey plugin-ts.1 | Resolving path 'GetTabelaProducaoDiarioDTO.ts'
[29/05/2025, 11:06:00]: Executed pluginKey plugin-ts.1 | Resolving path 'GetTabelaProducaoDiarioDTO.ts' |  "C:\\workspace\\PlanejamentoEthosPortal\\src\\api\\models\\GetTabelaProducaoDiarioDTO.ts"
[29/05/2025, 11:06:00]: Executing pluginKey plugin-ts.1 | Resolving name 'SalvarTabelaProducaoDiarioDTO' and type 'function'
[29/05/2025, 11:06:00]: Executed pluginKey plugin-ts.1 | Resolving name 'SalvarTabelaProducaoDiarioDTO' and type 'function' |  "SalvarTabelaProducaoDiarioDTO"
[29/05/2025, 11:06:00]: Executing pluginKey plugin-ts.1 | Resolving name 'SalvarTabelaProducaoDiarioDTO' and type 'type'
[29/05/2025, 11:06:00]: Executed pluginKey plugin-ts.1 | Resolving name 'SalvarTabelaProducaoDiarioDTO' and type 'type' |  "SalvarTabelaProducaoDiarioDTO"
[29/05/2025, 11:06:00]: Executing pluginKey plugin-ts.1 | Resolving name 'SalvarTabelaProducaoDiarioDTO' and type 'file'
[29/05/2025, 11:06:00]: Executed pluginKey plugin-ts.1 | Resolving name 'SalvarTabelaProducaoDiarioDTO' and type 'file' |  "SalvarTabelaProducaoDiarioDTO"
[29/05/2025, 11:06:00]: Executing pluginKey plugin-ts.1 | Resolving path 'SalvarTabelaProducaoDiarioDTO.ts'
[29/05/2025, 11:06:00]: Executed pluginKey plugin-ts.1 | Resolving path 'SalvarTabelaProducaoDiarioDTO.ts' |  "C:\\workspace\\PlanejamentoEthosPortal\\src\\api\\models\\SalvarTabelaProducaoDiarioDTO.ts"
[29/05/2025, 11:06:00]: Executing pluginKey plugin-ts.1 | Resolving name ' ProducaoSimulacaoController_genTabelaDiariaMethod ' and type 'file'
[29/05/2025, 11:06:00]: Executed pluginKey plugin-ts.1 | Resolving name ' ProducaoSimulacaoController_genTabelaDiariaMethod ' and type 'file' |  "ProducaoSimulacaoControllerGenTabelaDiariaMethod"
[29/05/2025, 11:06:00]: Executing pluginKey plugin-ts.1 | Resolving path 'ProducaoSimulacaoControllerGenTabelaDiariaMethod.ts'
[29/05/2025, 11:06:00]: Executed pluginKey plugin-ts.1 | Resolving path 'ProducaoSimulacaoControllerGenTabelaDiariaMethod.ts' |  "C:\\workspace\\PlanejamentoEthosPortal\\src\\api\\models\\ProducaoSimulacaoControllerGenTabelaDiariaMethod.ts"
[29/05/2025, 11:06:00]: Executing pluginKey plugin-ts.1 | Resolving name 'ProducaoSimulacaoControllerGenTabelaDiariaMethod200' and type 'undefined'
[29/05/2025, 11:06:00]: Executed pluginKey plugin-ts.1 | Resolving name 'ProducaoSimulacaoControllerGenTabelaDiariaMethod200' and type 'undefined' |  "ProducaoSimulacaoControllerGenTabelaDiariaMethod200"
[29/05/2025, 11:06:00]: Executing pluginKey plugin-ts.1 | Resolving name 'ProducaoSimulacaoControllerGenTabelaDiariaMethodQueryParams' and type 'undefined'
[29/05/2025, 11:06:00]: Executed pluginKey plugin-ts.1 | Resolving name 'ProducaoSimulacaoControllerGenTabelaDiariaMethodQueryParams' and type 'undefined' |  "ProducaoSimulacaoControllerGenTabelaDiariaMethodQueryParams"
[29/05/2025, 11:06:00]: Executing pluginKey plugin-ts.1 | Resolving name 'ProducaoSimulacaoControllerGenTabelaDiariaMethodQueryResponse' and type 'undefined'
[29/05/2025, 11:06:00]: Executed pluginKey plugin-ts.1 | Resolving name 'ProducaoSimulacaoControllerGenTabelaDiariaMethodQueryResponse' and type 'undefined' |  "ProducaoSimulacaoControllerGenTabelaDiariaMethodQueryResponse"
[29/05/2025, 11:06:00]: Executing pluginKey plugin-ts.1 | Resolving name 'ProducaoSimulacaoControllerGenTabelaDiariaMethod200' and type 'undefined'
[29/05/2025, 11:06:00]: Executed pluginKey plugin-ts.1 | Resolving name 'ProducaoSimulacaoControllerGenTabelaDiariaMethod200' and type 'undefined' |  "ProducaoSimulacaoControllerGenTabelaDiariaMethod200"
[29/05/2025, 11:06:00]: Executing pluginKey plugin-ts.1 | Resolving name ' ProducaoSimulacaoController_genTabelaDiariaMethod ' and type 'function'
[29/05/2025, 11:06:00]: Executed pluginKey plugin-ts.1 | Resolving name ' ProducaoSimulacaoController_genTabelaDiariaMethod ' and type 'function' |  "ProducaoSimulacaoControllerGenTabelaDiariaMethod"
[29/05/2025, 11:06:00]: Executing pluginKey plugin-ts.1 | Resolving name 'ProducaoSimulacaoControllerGenTabelaDiariaMethodQueryParams' and type 'type'
[29/05/2025, 11:06:00]: Executed pluginKey plugin-ts.1 | Resolving name 'ProducaoSimulacaoControllerGenTabelaDiariaMethodQueryParams' and type 'type' |  "ProducaoSimulacaoControllerGenTabelaDiariaMethodQueryParams"
[29/05/2025, 11:06:00]: Executing pluginKey plugin-ts.1 | Resolving name 'ProducaoSimulacaoControllerGenTabelaDiariaMethodQueryParams' and type 'type'
[29/05/2025, 11:06:00]: Executed pluginKey plugin-ts.1 | Resolving name 'ProducaoSimulacaoControllerGenTabelaDiariaMethodQueryParams' and type 'type' |  "ProducaoSimulacaoControllerGenTabelaDiariaMethodQueryParams"
[29/05/2025, 11:06:00]: Executing pluginKey plugin-ts.1 | Resolving name 'ProducaoSimulacaoControllerGenTabelaDiariaMethod' and type 'file'
[29/05/2025, 11:06:00]: Executed pluginKey plugin-ts.1 | Resolving name 'ProducaoSimulacaoControllerGenTabelaDiariaMethod' and type 'file' |  "ProducaoSimulacaoControllerGenTabelaDiariaMethod"
[29/05/2025, 11:06:00]: Executing pluginKey plugin-ts.1 | Resolving path 'ProducaoSimulacaoControllerGenTabelaDiariaMethod.ts'
[29/05/2025, 11:06:00]: Executed pluginKey plugin-ts.1 | Resolving path 'ProducaoSimulacaoControllerGenTabelaDiariaMethod.ts' |  "C:\\workspace\\PlanejamentoEthosPortal\\src\\api\\models\\ProducaoSimulacaoControllerGenTabelaDiariaMethod.ts"
[29/05/2025, 11:06:00]: Executing pluginKey plugin-ts.1 | Resolving name 'GetTabelaProducaoDiarioDTO' and type 'function'
[29/05/2025, 11:06:00]: Executed pluginKey plugin-ts.1 | Resolving name 'GetTabelaProducaoDiarioDTO' and type 'function' |  "GetTabelaProducaoDiarioDTO"
[29/05/2025, 11:06:00]: Executing pluginKey plugin-ts.1 | Resolving name 'GetTabelaProducaoDiarioDTO' and type 'file'
[29/05/2025, 11:06:00]: Executed pluginKey plugin-ts.1 | Resolving name 'GetTabelaProducaoDiarioDTO' and type 'file' |  "GetTabelaProducaoDiarioDTO"
[29/05/2025, 11:06:00]: Executing pluginKey plugin-ts.1 | Resolving path 'GetTabelaProducaoDiarioDTO.ts'
[29/05/2025, 11:06:00]: Executed pluginKey plugin-ts.1 | Resolving path 'GetTabelaProducaoDiarioDTO.ts' |  "C:\\workspace\\PlanejamentoEthosPortal\\src\\api\\models\\GetTabelaProducaoDiarioDTO.ts"
[29/05/2025, 11:06:00]: Executing pluginKey plugin-ts.1 | Resolving name 'ProducaoSimulacaoControllerGenTabelaDiariaMethod200' and type 'type'
[29/05/2025, 11:06:00]: Executed pluginKey plugin-ts.1 | Resolving name 'ProducaoSimulacaoControllerGenTabelaDiariaMethod200' and type 'type' |  "ProducaoSimulacaoControllerGenTabelaDiariaMethod200"
[29/05/2025, 11:06:00]: Executing pluginKey plugin-ts.1 | Resolving name 'ProducaoSimulacaoControllerGenTabelaDiariaMethod200' and type 'type'
[29/05/2025, 11:06:00]: Executed pluginKey plugin-ts.1 | Resolving name 'ProducaoSimulacaoControllerGenTabelaDiariaMethod200' and type 'type' |  "ProducaoSimulacaoControllerGenTabelaDiariaMethod200"
[29/05/2025, 11:06:00]: Executing pluginKey plugin-ts.1 | Resolving name 'ProducaoSimulacaoControllerGenTabelaDiariaMethod' and type 'file'
[29/05/2025, 11:06:00]: Executed pluginKey plugin-ts.1 | Resolving name 'ProducaoSimulacaoControllerGenTabelaDiariaMethod' and type 'file' |  "ProducaoSimulacaoControllerGenTabelaDiariaMethod"
[29/05/2025, 11:06:00]: Executing pluginKey plugin-ts.1 | Resolving path 'ProducaoSimulacaoControllerGenTabelaDiariaMethod.ts'
[29/05/2025, 11:06:00]: Executed pluginKey plugin-ts.1 | Resolving path 'ProducaoSimulacaoControllerGenTabelaDiariaMethod.ts' |  "C:\\workspace\\PlanejamentoEthosPortal\\src\\api\\models\\ProducaoSimulacaoControllerGenTabelaDiariaMethod.ts"
[29/05/2025, 11:06:00]: Executing pluginKey plugin-ts.1 | Resolving name 'ProducaoSimulacaoControllerGenTabelaDiariaMethod200' and type 'function'
[29/05/2025, 11:06:00]: Executed pluginKey plugin-ts.1 | Resolving name 'ProducaoSimulacaoControllerGenTabelaDiariaMethod200' and type 'function' |  "ProducaoSimulacaoControllerGenTabelaDiariaMethod200"
[29/05/2025, 11:06:00]: Executing pluginKey plugin-ts.1 | Resolving name 'ProducaoSimulacaoControllerGenTabelaDiariaMethod200' and type 'file'
[29/05/2025, 11:06:00]: Executed pluginKey plugin-ts.1 | Resolving name 'ProducaoSimulacaoControllerGenTabelaDiariaMethod200' and type 'file' |  "ProducaoSimulacaoControllerGenTabelaDiariaMethod200"
[29/05/2025, 11:06:00]: Executing pluginKey plugin-ts.1 | Resolving path 'ProducaoSimulacaoControllerGenTabelaDiariaMethod200.ts'
[29/05/2025, 11:06:00]: Executed pluginKey plugin-ts.1 | Resolving path 'ProducaoSimulacaoControllerGenTabelaDiariaMethod200.ts' |  "C:\\workspace\\PlanejamentoEthosPortal\\src\\api\\models\\ProducaoSimulacaoControllerGenTabelaDiariaMethod200.ts"
[29/05/2025, 11:06:00]: Executing pluginKey plugin-ts.1 | Resolving name 'ProducaoSimulacaoControllerGenTabelaDiariaMethodQueryResponse' and type 'type'
[29/05/2025, 11:06:00]: Executed pluginKey plugin-ts.1 | Resolving name 'ProducaoSimulacaoControllerGenTabelaDiariaMethodQueryResponse' and type 'type' |  "ProducaoSimulacaoControllerGenTabelaDiariaMethodQueryResponse"
[29/05/2025, 11:06:00]: Executing pluginKey plugin-ts.1 | Resolving name 'ProducaoSimulacaoControllerGenTabelaDiariaMethodQueryResponse' and type 'type'
[29/05/2025, 11:06:00]: Executed pluginKey plugin-ts.1 | Resolving name 'ProducaoSimulacaoControllerGenTabelaDiariaMethodQueryResponse' and type 'type' |  "ProducaoSimulacaoControllerGenTabelaDiariaMethodQueryResponse"
[29/05/2025, 11:06:00]: Executing pluginKey plugin-ts.1 | Resolving name 'ProducaoSimulacaoControllerGenTabelaDiariaMethod' and type 'file'
[29/05/2025, 11:06:00]: Executed pluginKey plugin-ts.1 | Resolving name 'ProducaoSimulacaoControllerGenTabelaDiariaMethod' and type 'file' |  "ProducaoSimulacaoControllerGenTabelaDiariaMethod"
[29/05/2025, 11:06:00]: Executing pluginKey plugin-ts.1 | Resolving path 'ProducaoSimulacaoControllerGenTabelaDiariaMethod.ts'
[29/05/2025, 11:06:00]: Executed pluginKey plugin-ts.1 | Resolving path 'ProducaoSimulacaoControllerGenTabelaDiariaMethod.ts' |  "C:\\workspace\\PlanejamentoEthosPortal\\src\\api\\models\\ProducaoSimulacaoControllerGenTabelaDiariaMethod.ts"
[29/05/2025, 11:06:00]: Executing pluginKey plugin-ts.1 | Resolving name 'ProducaoSimulacaoControllerGenTabelaDiariaMethod200' and type 'function'
[29/05/2025, 11:06:00]: Executed pluginKey plugin-ts.1 | Resolving name 'ProducaoSimulacaoControllerGenTabelaDiariaMethod200' and type 'function' |  "ProducaoSimulacaoControllerGenTabelaDiariaMethod200"
[29/05/2025, 11:06:00]: Executing pluginKey plugin-ts.1 | Resolving name 'ProducaoSimulacaoControllerGenTabelaDiariaMethodQueryParams' and type 'function'
[29/05/2025, 11:06:00]: Executed pluginKey plugin-ts.1 | Resolving name 'ProducaoSimulacaoControllerGenTabelaDiariaMethodQueryParams' and type 'function' |  "ProducaoSimulacaoControllerGenTabelaDiariaMethodQueryParams"
[29/05/2025, 11:06:00]: Executing pluginKey plugin-ts.1 | Resolving name ' ProducaoSimulacaoController_saveTabelaDiariaMethod ' and type 'file'
[29/05/2025, 11:06:00]: Executed pluginKey plugin-ts.1 | Resolving name ' ProducaoSimulacaoController_saveTabelaDiariaMethod ' and type 'file' |  "ProducaoSimulacaoControllerSaveTabelaDiariaMethod"
[29/05/2025, 11:06:00]: Executing pluginKey plugin-ts.1 | Resolving path 'ProducaoSimulacaoControllerSaveTabelaDiariaMethod.ts'
[29/05/2025, 11:06:00]: Executed pluginKey plugin-ts.1 | Resolving path 'ProducaoSimulacaoControllerSaveTabelaDiariaMethod.ts' |  "C:\\workspace\\PlanejamentoEthosPortal\\src\\api\\models\\ProducaoSimulacaoControllerSaveTabelaDiariaMethod.ts"
[29/05/2025, 11:06:00]: Executing pluginKey plugin-ts.1 | Resolving name 'ProducaoSimulacaoControllerSaveTabelaDiariaMethod200' and type 'undefined'
[29/05/2025, 11:06:00]: Executed pluginKey plugin-ts.1 | Resolving name 'ProducaoSimulacaoControllerSaveTabelaDiariaMethod200' and type 'undefined' |  "ProducaoSimulacaoControllerSaveTabelaDiariaMethod200"
[29/05/2025, 11:06:00]: Executing pluginKey plugin-ts.1 | Resolving name 'ProducaoSimulacaoControllerSaveTabelaDiariaMethodMutationRequest' and type 'undefined'
[29/05/2025, 11:06:00]: Executed pluginKey plugin-ts.1 | Resolving name 'ProducaoSimulacaoControllerSaveTabelaDiariaMethodMutationRequest' and type 'undefined' |  "ProducaoSimulacaoControllerSaveTabelaDiariaMethodMutationRequest"
[29/05/2025, 11:06:00]: Executing pluginKey plugin-ts.1 | Resolving name 'ProducaoSimulacaoControllerSaveTabelaDiariaMethodMutationResponse' and type 'undefined'
[29/05/2025, 11:06:00]: Executed pluginKey plugin-ts.1 | Resolving name 'ProducaoSimulacaoControllerSaveTabelaDiariaMethodMutationResponse' and type 'undefined' |  "ProducaoSimulacaoControllerSaveTabelaDiariaMethodMutationResponse"
[29/05/2025, 11:06:00]: Executing pluginKey plugin-ts.1 | Resolving name 'ProducaoSimulacaoControllerSaveTabelaDiariaMethod200' and type 'undefined'
[29/05/2025, 11:06:00]: Executed pluginKey plugin-ts.1 | Resolving name 'ProducaoSimulacaoControllerSaveTabelaDiariaMethod200' and type 'undefined' |  "ProducaoSimulacaoControllerSaveTabelaDiariaMethod200"
[29/05/2025, 11:06:00]: Executing pluginKey plugin-ts.1 | Resolving name ' ProducaoSimulacaoController_saveTabelaDiariaMethod ' and type 'function'
[29/05/2025, 11:06:00]: Executed pluginKey plugin-ts.1 | Resolving name ' ProducaoSimulacaoController_saveTabelaDiariaMethod ' and type 'function' |  "ProducaoSimulacaoControllerSaveTabelaDiariaMethod"
[29/05/2025, 11:06:00]: Executing pluginKey plugin-ts.1 | Resolving name 'ProducaoSimulacaoControllerSaveTabelaDiariaMethod200' and type 'type'
[29/05/2025, 11:06:00]: Executed pluginKey plugin-ts.1 | Resolving name 'ProducaoSimulacaoControllerSaveTabelaDiariaMethod200' and type 'type' |  "ProducaoSimulacaoControllerSaveTabelaDiariaMethod200"
[29/05/2025, 11:06:00]: Executing pluginKey plugin-ts.1 | Resolving name 'ProducaoSimulacaoControllerSaveTabelaDiariaMethod200' and type 'type'
[29/05/2025, 11:06:00]: Executed pluginKey plugin-ts.1 | Resolving name 'ProducaoSimulacaoControllerSaveTabelaDiariaMethod200' and type 'type' |  "ProducaoSimulacaoControllerSaveTabelaDiariaMethod200"
[29/05/2025, 11:06:00]: Executing pluginKey plugin-ts.1 | Resolving name 'ProducaoSimulacaoControllerSaveTabelaDiariaMethod' and type 'file'
[29/05/2025, 11:06:00]: Executed pluginKey plugin-ts.1 | Resolving name 'ProducaoSimulacaoControllerSaveTabelaDiariaMethod' and type 'file' |  "ProducaoSimulacaoControllerSaveTabelaDiariaMethod"
[29/05/2025, 11:06:00]: Executing pluginKey plugin-ts.1 | Resolving path 'ProducaoSimulacaoControllerSaveTabelaDiariaMethod.ts'
[29/05/2025, 11:06:00]: Executed pluginKey plugin-ts.1 | Resolving path 'ProducaoSimulacaoControllerSaveTabelaDiariaMethod.ts' |  "C:\\workspace\\PlanejamentoEthosPortal\\src\\api\\models\\ProducaoSimulacaoControllerSaveTabelaDiariaMethod.ts"
[29/05/2025, 11:06:00]: Executing pluginKey plugin-ts.1 | Resolving name 'SalvarTabelaProducaoDiarioDTO' and type 'function'
[29/05/2025, 11:06:00]: Executed pluginKey plugin-ts.1 | Resolving name 'SalvarTabelaProducaoDiarioDTO' and type 'function' |  "SalvarTabelaProducaoDiarioDTO"
[29/05/2025, 11:06:00]: Executing pluginKey plugin-ts.1 | Resolving name 'SalvarTabelaProducaoDiarioDTO' and type 'file'
[29/05/2025, 11:06:00]: Executed pluginKey plugin-ts.1 | Resolving name 'SalvarTabelaProducaoDiarioDTO' and type 'file' |  "SalvarTabelaProducaoDiarioDTO"
[29/05/2025, 11:06:00]: Executing pluginKey plugin-ts.1 | Resolving path 'SalvarTabelaProducaoDiarioDTO.ts'
[29/05/2025, 11:06:00]: Executed pluginKey plugin-ts.1 | Resolving path 'SalvarTabelaProducaoDiarioDTO.ts' |  "C:\\workspace\\PlanejamentoEthosPortal\\src\\api\\models\\SalvarTabelaProducaoDiarioDTO.ts"
[29/05/2025, 11:06:00]: Executing pluginKey plugin-ts.1 | Resolving name 'ProducaoSimulacaoControllerSaveTabelaDiariaMethodMutationRequest' and type 'type'
[29/05/2025, 11:06:00]: Executed pluginKey plugin-ts.1 | Resolving name 'ProducaoSimulacaoControllerSaveTabelaDiariaMethodMutationRequest' and type 'type' |  "ProducaoSimulacaoControllerSaveTabelaDiariaMethodMutationRequest"
[29/05/2025, 11:06:00]: Executing pluginKey plugin-ts.1 | Resolving name 'ProducaoSimulacaoControllerSaveTabelaDiariaMethodMutationRequest' and type 'type'
[29/05/2025, 11:06:00]: Executed pluginKey plugin-ts.1 | Resolving name 'ProducaoSimulacaoControllerSaveTabelaDiariaMethodMutationRequest' and type 'type' |  "ProducaoSimulacaoControllerSaveTabelaDiariaMethodMutationRequest"
[29/05/2025, 11:06:00]: Executing pluginKey plugin-ts.1 | Resolving name 'ProducaoSimulacaoControllerSaveTabelaDiariaMethod' and type 'file'
[29/05/2025, 11:06:00]: Executed pluginKey plugin-ts.1 | Resolving name 'ProducaoSimulacaoControllerSaveTabelaDiariaMethod' and type 'file' |  "ProducaoSimulacaoControllerSaveTabelaDiariaMethod"
[29/05/2025, 11:06:00]: Executing pluginKey plugin-ts.1 | Resolving path 'ProducaoSimulacaoControllerSaveTabelaDiariaMethod.ts'
[29/05/2025, 11:06:00]: Executed pluginKey plugin-ts.1 | Resolving path 'ProducaoSimulacaoControllerSaveTabelaDiariaMethod.ts' |  "C:\\workspace\\PlanejamentoEthosPortal\\src\\api\\models\\ProducaoSimulacaoControllerSaveTabelaDiariaMethod.ts"
[29/05/2025, 11:06:00]: Executing pluginKey plugin-ts.1 | Resolving name 'ProducaoSimulacaoControllerSaveTabelaDiariaMethod200' and type 'function'
[29/05/2025, 11:06:00]: Executed pluginKey plugin-ts.1 | Resolving name 'ProducaoSimulacaoControllerSaveTabelaDiariaMethod200' and type 'function' |  "ProducaoSimulacaoControllerSaveTabelaDiariaMethod200"
[29/05/2025, 11:06:00]: Executing pluginKey plugin-ts.1 | Resolving name 'ProducaoSimulacaoControllerSaveTabelaDiariaMethod200' and type 'file'
[29/05/2025, 11:06:00]: Executed pluginKey plugin-ts.1 | Resolving name 'ProducaoSimulacaoControllerSaveTabelaDiariaMethod200' and type 'file' |  "ProducaoSimulacaoControllerSaveTabelaDiariaMethod200"
[29/05/2025, 11:06:00]: Executing pluginKey plugin-ts.1 | Resolving path 'ProducaoSimulacaoControllerSaveTabelaDiariaMethod200.ts'
[29/05/2025, 11:06:00]: Executed pluginKey plugin-ts.1 | Resolving path 'ProducaoSimulacaoControllerSaveTabelaDiariaMethod200.ts' |  "C:\\workspace\\PlanejamentoEthosPortal\\src\\api\\models\\ProducaoSimulacaoControllerSaveTabelaDiariaMethod200.ts"
[29/05/2025, 11:06:00]: Executing pluginKey plugin-ts.1 | Resolving name 'ProducaoSimulacaoControllerSaveTabelaDiariaMethodMutationResponse' and type 'type'
[29/05/2025, 11:06:00]: Executed pluginKey plugin-ts.1 | Resolving name 'ProducaoSimulacaoControllerSaveTabelaDiariaMethodMutationResponse' and type 'type' |  "ProducaoSimulacaoControllerSaveTabelaDiariaMethodMutationResponse"
[29/05/2025, 11:06:00]: Executing pluginKey plugin-ts.1 | Resolving name 'ProducaoSimulacaoControllerSaveTabelaDiariaMethodMutationResponse' and type 'type'
[29/05/2025, 11:06:00]: Executed pluginKey plugin-ts.1 | Resolving name 'ProducaoSimulacaoControllerSaveTabelaDiariaMethodMutationResponse' and type 'type' |  "ProducaoSimulacaoControllerSaveTabelaDiariaMethodMutationResponse"
[29/05/2025, 11:06:00]: Executing pluginKey plugin-ts.1 | Resolving name 'ProducaoSimulacaoControllerSaveTabelaDiariaMethod' and type 'file'
[29/05/2025, 11:06:00]: Executed pluginKey plugin-ts.1 | Resolving name 'ProducaoSimulacaoControllerSaveTabelaDiariaMethod' and type 'file' |  "ProducaoSimulacaoControllerSaveTabelaDiariaMethod"
[29/05/2025, 11:06:00]: Executing pluginKey plugin-ts.1 | Resolving path 'ProducaoSimulacaoControllerSaveTabelaDiariaMethod.ts'
[29/05/2025, 11:06:00]: Executed pluginKey plugin-ts.1 | Resolving path 'ProducaoSimulacaoControllerSaveTabelaDiariaMethod.ts' |  "C:\\workspace\\PlanejamentoEthosPortal\\src\\api\\models\\ProducaoSimulacaoControllerSaveTabelaDiariaMethod.ts"
[29/05/2025, 11:06:00]: Executing pluginKey plugin-ts.1 | Resolving name 'ProducaoSimulacaoControllerSaveTabelaDiariaMethod200' and type 'function'
[29/05/2025, 11:06:00]: Executed pluginKey plugin-ts.1 | Resolving name 'ProducaoSimulacaoControllerSaveTabelaDiariaMethod200' and type 'function' |  "ProducaoSimulacaoControllerSaveTabelaDiariaMethod200"
[29/05/2025, 11:06:00]: Executing pluginKey plugin-ts.1 | Resolving name 'ProducaoSimulacaoControllerSaveTabelaDiariaMethodMutationRequest' and type 'function'
[29/05/2025, 11:06:00]: Executed pluginKey plugin-ts.1 | Resolving name 'ProducaoSimulacaoControllerSaveTabelaDiariaMethodMutationRequest' and type 'function' |  "ProducaoSimulacaoControllerSaveTabelaDiariaMethodMutationRequest"
[29/05/2025, 11:06:00]: Executing pluginKey plugin-ts.1 | Resolving name ' PlanejamentoController_planejamentoMethod ' and type 'file'
[29/05/2025, 11:06:00]: Executed pluginKey plugin-ts.1 | Resolving name ' PlanejamentoController_planejamentoMethod ' and type 'file' |  "PlanejamentoControllerPlanejamentoMethod"
[29/05/2025, 11:06:00]: Executing pluginKey plugin-ts.1 | Resolving path 'PlanejamentoControllerPlanejamentoMethod.ts'
[29/05/2025, 11:06:00]: Executed pluginKey plugin-ts.1 | Resolving path 'PlanejamentoControllerPlanejamentoMethod.ts' |  "C:\\workspace\\PlanejamentoEthosPortal\\src\\api\\models\\PlanejamentoControllerPlanejamentoMethod.ts"
[29/05/2025, 11:06:00]: Executing pluginKey plugin-ts.1 | Resolving name 'PlanejamentoControllerPlanejamentoMethod201' and type 'undefined'
[29/05/2025, 11:06:00]: Executed pluginKey plugin-ts.1 | Resolving name 'PlanejamentoControllerPlanejamentoMethod201' and type 'undefined' |  "PlanejamentoControllerPlanejamentoMethod201"
[29/05/2025, 11:06:00]: Executing pluginKey plugin-ts.1 | Resolving name 'PlanejamentoControllerPlanejamentoMethodMutationResponse' and type 'undefined'
[29/05/2025, 11:06:00]: Executed pluginKey plugin-ts.1 | Resolving name 'PlanejamentoControllerPlanejamentoMethodMutationResponse' and type 'undefined' |  "PlanejamentoControllerPlanejamentoMethodMutationResponse"
[29/05/2025, 11:06:00]: Executing pluginKey plugin-ts.1 | Resolving name 'PlanejamentoControllerPlanejamentoMethod201' and type 'undefined'
[29/05/2025, 11:06:00]: Executed pluginKey plugin-ts.1 | Resolving name 'PlanejamentoControllerPlanejamentoMethod201' and type 'undefined' |  "PlanejamentoControllerPlanejamentoMethod201"
[29/05/2025, 11:06:00]: Executing pluginKey plugin-ts.1 | Resolving name ' PlanejamentoController_planejamentoMethod ' and type 'function'
[29/05/2025, 11:06:00]: Executed pluginKey plugin-ts.1 | Resolving name ' PlanejamentoController_planejamentoMethod ' and type 'function' |  "PlanejamentoControllerPlanejamentoMethod"
[29/05/2025, 11:06:00]: Executing pluginKey plugin-ts.1 | Resolving name 'PlanejamentoControllerPlanejamentoMethod201' and type 'type'
[29/05/2025, 11:06:00]: Executed pluginKey plugin-ts.1 | Resolving name 'PlanejamentoControllerPlanejamentoMethod201' and type 'type' |  "PlanejamentoControllerPlanejamentoMethod201"
[29/05/2025, 11:06:00]: Executing pluginKey plugin-ts.1 | Resolving name 'PlanejamentoControllerPlanejamentoMethod201' and type 'type'
[29/05/2025, 11:06:00]: Executed pluginKey plugin-ts.1 | Resolving name 'PlanejamentoControllerPlanejamentoMethod201' and type 'type' |  "PlanejamentoControllerPlanejamentoMethod201"
[29/05/2025, 11:06:00]: Executing pluginKey plugin-ts.1 | Resolving name 'PlanejamentoControllerPlanejamentoMethod' and type 'file'
[29/05/2025, 11:06:00]: Executed pluginKey plugin-ts.1 | Resolving name 'PlanejamentoControllerPlanejamentoMethod' and type 'file' |  "PlanejamentoControllerPlanejamentoMethod"
[29/05/2025, 11:06:00]: Executing pluginKey plugin-ts.1 | Resolving path 'PlanejamentoControllerPlanejamentoMethod.ts'
[29/05/2025, 11:06:00]: Executed pluginKey plugin-ts.1 | Resolving path 'PlanejamentoControllerPlanejamentoMethod.ts' |  "C:\\workspace\\PlanejamentoEthosPortal\\src\\api\\models\\PlanejamentoControllerPlanejamentoMethod.ts"
[29/05/2025, 11:06:00]: Executing pluginKey plugin-ts.1 | Resolving name 'PlanejamentoControllerPlanejamentoMethod201' and type 'function'
[29/05/2025, 11:06:00]: Executed pluginKey plugin-ts.1 | Resolving name 'PlanejamentoControllerPlanejamentoMethod201' and type 'function' |  "PlanejamentoControllerPlanejamentoMethod201"
[29/05/2025, 11:06:00]: Executing pluginKey plugin-ts.1 | Resolving name 'PlanejamentoControllerPlanejamentoMethod201' and type 'file'
[29/05/2025, 11:06:00]: Executed pluginKey plugin-ts.1 | Resolving name 'PlanejamentoControllerPlanejamentoMethod201' and type 'file' |  "PlanejamentoControllerPlanejamentoMethod201"
[29/05/2025, 11:06:00]: Executing pluginKey plugin-ts.1 | Resolving path 'PlanejamentoControllerPlanejamentoMethod201.ts'
[29/05/2025, 11:06:00]: Executed pluginKey plugin-ts.1 | Resolving path 'PlanejamentoControllerPlanejamentoMethod201.ts' |  "C:\\workspace\\PlanejamentoEthosPortal\\src\\api\\models\\PlanejamentoControllerPlanejamentoMethod201.ts"
[29/05/2025, 11:06:00]: Executing pluginKey plugin-ts.1 | Resolving name 'PlanejamentoControllerPlanejamentoMethodMutationResponse' and type 'type'
[29/05/2025, 11:06:00]: Executed pluginKey plugin-ts.1 | Resolving name 'PlanejamentoControllerPlanejamentoMethodMutationResponse' and type 'type' |  "PlanejamentoControllerPlanejamentoMethodMutationResponse"
[29/05/2025, 11:06:00]: Executing pluginKey plugin-ts.1 | Resolving name 'PlanejamentoControllerPlanejamentoMethodMutationResponse' and type 'type'
[29/05/2025, 11:06:00]: Executed pluginKey plugin-ts.1 | Resolving name 'PlanejamentoControllerPlanejamentoMethodMutationResponse' and type 'type' |  "PlanejamentoControllerPlanejamentoMethodMutationResponse"
[29/05/2025, 11:06:00]: Executing pluginKey plugin-ts.1 | Resolving name 'PlanejamentoControllerPlanejamentoMethod' and type 'file'
[29/05/2025, 11:06:00]: Executed pluginKey plugin-ts.1 | Resolving name 'PlanejamentoControllerPlanejamentoMethod' and type 'file' |  "PlanejamentoControllerPlanejamentoMethod"
[29/05/2025, 11:06:00]: Executing pluginKey plugin-ts.1 | Resolving path 'PlanejamentoControllerPlanejamentoMethod.ts'
[29/05/2025, 11:06:00]: Executed pluginKey plugin-ts.1 | Resolving path 'PlanejamentoControllerPlanejamentoMethod.ts' |  "C:\\workspace\\PlanejamentoEthosPortal\\src\\api\\models\\PlanejamentoControllerPlanejamentoMethod.ts"
[29/05/2025, 11:06:00]: Executing pluginKey plugin-ts.1 | Resolving name 'PlanejamentoControllerPlanejamentoMethod201' and type 'function'
[29/05/2025, 11:06:00]: Executed pluginKey plugin-ts.1 | Resolving name 'PlanejamentoControllerPlanejamentoMethod201' and type 'function' |  "PlanejamentoControllerPlanejamentoMethod201"
[29/05/2025, 11:06:00]: Start barrel generation for pluginKey plugin-ts.1 and root 'C:\workspace\PlanejamentoEthosPortal\src\api\models'
[29/05/2025, 11:06:00]: Executed pluginKey plugin-ts.1 | buildStart |  undefined
[29/05/2025, 11:06:00]: Executing pluginKey plugin-client.1 | Resolving name ' ProducaoSimulacaoController_genTabelaDiariaMethod ' and type 'function'
[29/05/2025, 11:06:00]: Executed pluginKey plugin-client.1 | Resolving name ' ProducaoSimulacaoController_genTabelaDiariaMethod ' and type 'function' |  "producaoSimulacaoControllerGenTabelaDiariaMethod"
[29/05/2025, 11:06:00]: Executing pluginKey plugin-client.1 | Resolving name ' ProducaoSimulacaoController_genTabelaDiariaMethod ' and type 'file'
[29/05/2025, 11:06:00]: Executed pluginKey plugin-client.1 | Resolving name ' ProducaoSimulacaoController_genTabelaDiariaMethod ' and type 'file' |  "producaoSimulacaoControllerGenTabelaDiariaMethod"
[29/05/2025, 11:06:00]: Executing pluginKey plugin-client.1 | Resolving path 'producaoSimulacaoControllerGenTabelaDiariaMethod.ts'
[29/05/2025, 11:06:00]: Executed pluginKey plugin-client.1 | Resolving path 'producaoSimulacaoControllerGenTabelaDiariaMethod.ts' |  "C:\\workspace\\PlanejamentoEthosPortal\\src\\api\\client\\producaoSimulacaoControllerGenTabelaDiariaMethod.ts"
[29/05/2025, 11:06:00]: Executing pluginKey plugin-client.1 | Resolving name 'get ProducaoSimulacaoController_genTabelaDiariaMethod url' and type 'function'
[29/05/2025, 11:06:00]: Executed pluginKey plugin-client.1 | Resolving name 'get ProducaoSimulacaoController_genTabelaDiariaMethod url' and type 'function' |  "getProducaoSimulacaoControllerGenTabelaDiariaMethodUrl"
[29/05/2025, 11:06:00]: Executing pluginKey plugin-client.1 | Resolving name ' ProducaoSimulacaoController_genTabelaDiariaMethod ' and type 'file'
[29/05/2025, 11:06:00]: Executed pluginKey plugin-client.1 | Resolving name ' ProducaoSimulacaoController_genTabelaDiariaMethod ' and type 'file' |  "producaoSimulacaoControllerGenTabelaDiariaMethod"
[29/05/2025, 11:06:00]: Executing pluginKey plugin-client.1 | Resolving path 'producaoSimulacaoControllerGenTabelaDiariaMethod.ts'
[29/05/2025, 11:06:00]: Executed pluginKey plugin-client.1 | Resolving path 'producaoSimulacaoControllerGenTabelaDiariaMethod.ts' |  "C:\\workspace\\PlanejamentoEthosPortal\\src\\api\\client\\producaoSimulacaoControllerGenTabelaDiariaMethod.ts"
[29/05/2025, 11:06:00]: Executing pluginKey plugin-ts.1 | Resolving name ' ProducaoSimulacaoController_genTabelaDiariaMethod ' and type 'file'
[29/05/2025, 11:06:00]: Executed pluginKey plugin-ts.1 | Resolving name ' ProducaoSimulacaoController_genTabelaDiariaMethod ' and type 'file' |  "ProducaoSimulacaoControllerGenTabelaDiariaMethod"
[29/05/2025, 11:06:00]: Executing pluginKey plugin-ts.1 | Resolving path 'ProducaoSimulacaoControllerGenTabelaDiariaMethod.ts'
[29/05/2025, 11:06:00]: Executed pluginKey plugin-ts.1 | Resolving path 'ProducaoSimulacaoControllerGenTabelaDiariaMethod.ts' |  "C:\\workspace\\PlanejamentoEthosPortal\\src\\api\\models\\ProducaoSimulacaoControllerGenTabelaDiariaMethod.ts"
[29/05/2025, 11:06:00]: Executing pluginKey plugin-ts.1 | Resolving name 'ProducaoSimulacaoControllerGenTabelaDiariaMethod200' and type 'type'
[29/05/2025, 11:06:00]: Executed pluginKey plugin-ts.1 | Resolving name 'ProducaoSimulacaoControllerGenTabelaDiariaMethod200' and type 'type' |  "ProducaoSimulacaoControllerGenTabelaDiariaMethod200"
[29/05/2025, 11:06:00]: Executing pluginKey plugin-ts.1 | Resolving name 'ProducaoSimulacaoControllerGenTabelaDiariaMethodQueryParams' and type 'type'
[29/05/2025, 11:06:00]: Executed pluginKey plugin-ts.1 | Resolving name 'ProducaoSimulacaoControllerGenTabelaDiariaMethodQueryParams' and type 'type' |  "ProducaoSimulacaoControllerGenTabelaDiariaMethodQueryParams"
[29/05/2025, 11:06:00]: Executing pluginKey plugin-ts.1 | Resolving name 'ProducaoSimulacaoControllerGenTabelaDiariaMethodQueryResponse' and type 'type'
[29/05/2025, 11:06:00]: Executed pluginKey plugin-ts.1 | Resolving name 'ProducaoSimulacaoControllerGenTabelaDiariaMethodQueryResponse' and type 'type' |  "ProducaoSimulacaoControllerGenTabelaDiariaMethodQueryResponse"
[29/05/2025, 11:06:00]: Executing pluginKey plugin-ts.1 | Resolving name 'ProducaoSimulacaoControllerGenTabelaDiariaMethod200' and type 'type'
[29/05/2025, 11:06:00]: Executed pluginKey plugin-ts.1 | Resolving name 'ProducaoSimulacaoControllerGenTabelaDiariaMethod200' and type 'type' |  "ProducaoSimulacaoControllerGenTabelaDiariaMethod200"
[29/05/2025, 11:06:00]: No hook 'resolveName' for pluginKey '["plugin-zod"]' found, falling back on the '@kubb/core' plugin
[29/05/2025, 11:06:00]: Executing pluginKey core.2 | Resolving name ' ProducaoSimulacaoController_genTabelaDiariaMethod ' and type 'file'
[29/05/2025, 11:06:00]: Executed pluginKey core.2 | Resolving name ' ProducaoSimulacaoController_genTabelaDiariaMethod ' and type 'file' |  "ProducaoSimulacaoController_genTabelaDiariaMethod"
[29/05/2025, 11:06:00]: No hook 'resolvePath' for pluginKey '["plugin-zod"]' found, falling back on the '@kubb/core' plugin
[29/05/2025, 11:06:00]: Executing pluginKey core.2 | Resolving path 'ProducaoSimulacaoController_genTabelaDiariaMethod.ts'
[29/05/2025, 11:06:00]: Executed pluginKey core.2 | Resolving path 'ProducaoSimulacaoController_genTabelaDiariaMethod.ts' |  "C:\\workspace\\PlanejamentoEthosPortal\\src\\api\\ProducaoSimulacaoController_genTabelaDiariaMethod.ts"
[29/05/2025, 11:06:00]: No hook 'resolveName' for pluginKey '["plugin-zod"]' found, falling back on the '@kubb/core' plugin
[29/05/2025, 11:06:00]: Executing pluginKey core.2 | Resolving name 'ProducaoSimulacaoControllerGenTabelaDiariaMethod200' and type 'function'
[29/05/2025, 11:06:00]: Executed pluginKey core.2 | Resolving name 'ProducaoSimulacaoControllerGenTabelaDiariaMethod200' and type 'function' |  "ProducaoSimulacaoControllerGenTabelaDiariaMethod200"
[29/05/2025, 11:06:00]: No hook 'resolveName' for pluginKey '["plugin-zod"]' found, falling back on the '@kubb/core' plugin
[29/05/2025, 11:06:00]: Executing pluginKey core.2 | Resolving name 'ProducaoSimulacaoControllerGenTabelaDiariaMethodQueryParams' and type 'function'
[29/05/2025, 11:06:00]: Executed pluginKey core.2 | Resolving name 'ProducaoSimulacaoControllerGenTabelaDiariaMethodQueryParams' and type 'function' |  "ProducaoSimulacaoControllerGenTabelaDiariaMethodQueryParams"
[29/05/2025, 11:06:00]: No hook 'resolveName' for pluginKey '["plugin-zod"]' found, falling back on the '@kubb/core' plugin
[29/05/2025, 11:06:00]: Executing pluginKey core.2 | Resolving name 'ProducaoSimulacaoControllerGenTabelaDiariaMethodQueryResponse' and type 'function'
[29/05/2025, 11:06:00]: Executed pluginKey core.2 | Resolving name 'ProducaoSimulacaoControllerGenTabelaDiariaMethodQueryResponse' and type 'function' |  "ProducaoSimulacaoControllerGenTabelaDiariaMethodQueryResponse"
[29/05/2025, 11:06:00]: No hook 'resolveName' for pluginKey '["plugin-zod"]' found, falling back on the '@kubb/core' plugin
[29/05/2025, 11:06:00]: Executing pluginKey core.2 | Resolving name 'ProducaoSimulacaoControllerGenTabelaDiariaMethod200' and type 'function'
[29/05/2025, 11:06:00]: Executed pluginKey core.2 | Resolving name 'ProducaoSimulacaoControllerGenTabelaDiariaMethod200' and type 'function' |  "ProducaoSimulacaoControllerGenTabelaDiariaMethod200"
[29/05/2025, 11:06:00]: Executing pluginKey plugin-client.1 | Resolving name ' ProducaoSimulacaoController_saveTabelaDiariaMethod ' and type 'function'
[29/05/2025, 11:06:00]: Executed pluginKey plugin-client.1 | Resolving name ' ProducaoSimulacaoController_saveTabelaDiariaMethod ' and type 'function' |  "producaoSimulacaoControllerSaveTabelaDiariaMethod"
[29/05/2025, 11:06:00]: Executing pluginKey plugin-client.1 | Resolving name ' ProducaoSimulacaoController_saveTabelaDiariaMethod ' and type 'file'
[29/05/2025, 11:06:00]: Executed pluginKey plugin-client.1 | Resolving name ' ProducaoSimulacaoController_saveTabelaDiariaMethod ' and type 'file' |  "producaoSimulacaoControllerSaveTabelaDiariaMethod"
[29/05/2025, 11:06:00]: Executing pluginKey plugin-client.1 | Resolving path 'producaoSimulacaoControllerSaveTabelaDiariaMethod.ts'
[29/05/2025, 11:06:00]: Executed pluginKey plugin-client.1 | Resolving path 'producaoSimulacaoControllerSaveTabelaDiariaMethod.ts' |  "C:\\workspace\\PlanejamentoEthosPortal\\src\\api\\client\\producaoSimulacaoControllerSaveTabelaDiariaMethod.ts"
[29/05/2025, 11:06:00]: Executing pluginKey plugin-client.1 | Resolving name 'get ProducaoSimulacaoController_saveTabelaDiariaMethod url' and type 'function'
[29/05/2025, 11:06:00]: Executed pluginKey plugin-client.1 | Resolving name 'get ProducaoSimulacaoController_saveTabelaDiariaMethod url' and type 'function' |  "getProducaoSimulacaoControllerSaveTabelaDiariaMethodUrl"
[29/05/2025, 11:06:00]: Executing pluginKey plugin-client.1 | Resolving name ' ProducaoSimulacaoController_saveTabelaDiariaMethod ' and type 'file'
[29/05/2025, 11:06:00]: Executed pluginKey plugin-client.1 | Resolving name ' ProducaoSimulacaoController_saveTabelaDiariaMethod ' and type 'file' |  "producaoSimulacaoControllerSaveTabelaDiariaMethod"
[29/05/2025, 11:06:00]: Executing pluginKey plugin-client.1 | Resolving path 'producaoSimulacaoControllerSaveTabelaDiariaMethod.ts'
[29/05/2025, 11:06:00]: Executed pluginKey plugin-client.1 | Resolving path 'producaoSimulacaoControllerSaveTabelaDiariaMethod.ts' |  "C:\\workspace\\PlanejamentoEthosPortal\\src\\api\\client\\producaoSimulacaoControllerSaveTabelaDiariaMethod.ts"
[29/05/2025, 11:06:00]: Executing pluginKey plugin-ts.1 | Resolving name ' ProducaoSimulacaoController_saveTabelaDiariaMethod ' and type 'file'
[29/05/2025, 11:06:00]: Executed pluginKey plugin-ts.1 | Resolving name ' ProducaoSimulacaoController_saveTabelaDiariaMethod ' and type 'file' |  "ProducaoSimulacaoControllerSaveTabelaDiariaMethod"
[29/05/2025, 11:06:00]: Executing pluginKey plugin-ts.1 | Resolving path 'ProducaoSimulacaoControllerSaveTabelaDiariaMethod.ts'
[29/05/2025, 11:06:00]: Executed pluginKey plugin-ts.1 | Resolving path 'ProducaoSimulacaoControllerSaveTabelaDiariaMethod.ts' |  "C:\\workspace\\PlanejamentoEthosPortal\\src\\api\\models\\ProducaoSimulacaoControllerSaveTabelaDiariaMethod.ts"
[29/05/2025, 11:06:00]: Executing pluginKey plugin-ts.1 | Resolving name 'ProducaoSimulacaoControllerSaveTabelaDiariaMethod200' and type 'type'
[29/05/2025, 11:06:00]: Executed pluginKey plugin-ts.1 | Resolving name 'ProducaoSimulacaoControllerSaveTabelaDiariaMethod200' and type 'type' |  "ProducaoSimulacaoControllerSaveTabelaDiariaMethod200"
[29/05/2025, 11:06:00]: Executing pluginKey plugin-ts.1 | Resolving name 'ProducaoSimulacaoControllerSaveTabelaDiariaMethodMutationRequest' and type 'type'
[29/05/2025, 11:06:00]: Executed pluginKey plugin-ts.1 | Resolving name 'ProducaoSimulacaoControllerSaveTabelaDiariaMethodMutationRequest' and type 'type' |  "ProducaoSimulacaoControllerSaveTabelaDiariaMethodMutationRequest"
[29/05/2025, 11:06:00]: Executing pluginKey plugin-ts.1 | Resolving name 'ProducaoSimulacaoControllerSaveTabelaDiariaMethodMutationResponse' and type 'type'
[29/05/2025, 11:06:00]: Executed pluginKey plugin-ts.1 | Resolving name 'ProducaoSimulacaoControllerSaveTabelaDiariaMethodMutationResponse' and type 'type' |  "ProducaoSimulacaoControllerSaveTabelaDiariaMethodMutationResponse"
[29/05/2025, 11:06:00]: Executing pluginKey plugin-ts.1 | Resolving name 'ProducaoSimulacaoControllerSaveTabelaDiariaMethod200' and type 'type'
[29/05/2025, 11:06:00]: Executed pluginKey plugin-ts.1 | Resolving name 'ProducaoSimulacaoControllerSaveTabelaDiariaMethod200' and type 'type' |  "ProducaoSimulacaoControllerSaveTabelaDiariaMethod200"
[29/05/2025, 11:06:00]: No hook 'resolveName' for pluginKey '["plugin-zod"]' found, falling back on the '@kubb/core' plugin
[29/05/2025, 11:06:00]: Executing pluginKey core.2 | Resolving name ' ProducaoSimulacaoController_saveTabelaDiariaMethod ' and type 'file'
[29/05/2025, 11:06:00]: Executed pluginKey core.2 | Resolving name ' ProducaoSimulacaoController_saveTabelaDiariaMethod ' and type 'file' |  "ProducaoSimulacaoController_saveTabelaDiariaMethod"
[29/05/2025, 11:06:00]: No hook 'resolvePath' for pluginKey '["plugin-zod"]' found, falling back on the '@kubb/core' plugin
[29/05/2025, 11:06:00]: Executing pluginKey core.2 | Resolving path 'ProducaoSimulacaoController_saveTabelaDiariaMethod.ts'
[29/05/2025, 11:06:00]: Executed pluginKey core.2 | Resolving path 'ProducaoSimulacaoController_saveTabelaDiariaMethod.ts' |  "C:\\workspace\\PlanejamentoEthosPortal\\src\\api\\ProducaoSimulacaoController_saveTabelaDiariaMethod.ts"
[29/05/2025, 11:06:00]: No hook 'resolveName' for pluginKey '["plugin-zod"]' found, falling back on the '@kubb/core' plugin
[29/05/2025, 11:06:00]: Executing pluginKey core.2 | Resolving name 'ProducaoSimulacaoControllerSaveTabelaDiariaMethod200' and type 'function'
[29/05/2025, 11:06:00]: Executed pluginKey core.2 | Resolving name 'ProducaoSimulacaoControllerSaveTabelaDiariaMethod200' and type 'function' |  "ProducaoSimulacaoControllerSaveTabelaDiariaMethod200"
[29/05/2025, 11:06:00]: No hook 'resolveName' for pluginKey '["plugin-zod"]' found, falling back on the '@kubb/core' plugin
[29/05/2025, 11:06:00]: Executing pluginKey core.2 | Resolving name 'ProducaoSimulacaoControllerSaveTabelaDiariaMethodMutationRequest' and type 'function'
[29/05/2025, 11:06:00]: Executed pluginKey core.2 | Resolving name 'ProducaoSimulacaoControllerSaveTabelaDiariaMethodMutationRequest' and type 'function' |  "ProducaoSimulacaoControllerSaveTabelaDiariaMethodMutationRequest"
[29/05/2025, 11:06:00]: No hook 'resolveName' for pluginKey '["plugin-zod"]' found, falling back on the '@kubb/core' plugin
[29/05/2025, 11:06:00]: Executing pluginKey core.2 | Resolving name 'ProducaoSimulacaoControllerSaveTabelaDiariaMethodMutationResponse' and type 'function'
[29/05/2025, 11:06:00]: Executed pluginKey core.2 | Resolving name 'ProducaoSimulacaoControllerSaveTabelaDiariaMethodMutationResponse' and type 'function' |  "ProducaoSimulacaoControllerSaveTabelaDiariaMethodMutationResponse"
[29/05/2025, 11:06:00]: No hook 'resolveName' for pluginKey '["plugin-zod"]' found, falling back on the '@kubb/core' plugin
[29/05/2025, 11:06:00]: Executing pluginKey core.2 | Resolving name 'ProducaoSimulacaoControllerSaveTabelaDiariaMethod200' and type 'function'
[29/05/2025, 11:06:00]: Executed pluginKey core.2 | Resolving name 'ProducaoSimulacaoControllerSaveTabelaDiariaMethod200' and type 'function' |  "ProducaoSimulacaoControllerSaveTabelaDiariaMethod200"
[29/05/2025, 11:06:00]: Executing pluginKey plugin-client.1 | Resolving name ' PlanejamentoController_planejamentoMethod ' and type 'function'
[29/05/2025, 11:06:00]: Executed pluginKey plugin-client.1 | Resolving name ' PlanejamentoController_planejamentoMethod ' and type 'function' |  "planejamentoControllerPlanejamentoMethod"
[29/05/2025, 11:06:00]: Executing pluginKey plugin-client.1 | Resolving name ' PlanejamentoController_planejamentoMethod ' and type 'file'
[29/05/2025, 11:06:00]: Executed pluginKey plugin-client.1 | Resolving name ' PlanejamentoController_planejamentoMethod ' and type 'file' |  "planejamentoControllerPlanejamentoMethod"
[29/05/2025, 11:06:00]: Executing pluginKey plugin-client.1 | Resolving path 'planejamentoControllerPlanejamentoMethod.ts'
[29/05/2025, 11:06:00]: Executed pluginKey plugin-client.1 | Resolving path 'planejamentoControllerPlanejamentoMethod.ts' |  "C:\\workspace\\PlanejamentoEthosPortal\\src\\api\\client\\planejamentoControllerPlanejamentoMethod.ts"
[29/05/2025, 11:06:00]: Executing pluginKey plugin-client.1 | Resolving name 'get PlanejamentoController_planejamentoMethod url' and type 'function'
[29/05/2025, 11:06:00]: Executed pluginKey plugin-client.1 | Resolving name 'get PlanejamentoController_planejamentoMethod url' and type 'function' |  "getPlanejamentoControllerPlanejamentoMethodUrl"
[29/05/2025, 11:06:00]: Executing pluginKey plugin-client.1 | Resolving name ' PlanejamentoController_planejamentoMethod ' and type 'file'
[29/05/2025, 11:06:00]: Executed pluginKey plugin-client.1 | Resolving name ' PlanejamentoController_planejamentoMethod ' and type 'file' |  "planejamentoControllerPlanejamentoMethod"
[29/05/2025, 11:06:00]: Executing pluginKey plugin-client.1 | Resolving path 'planejamentoControllerPlanejamentoMethod.ts'
[29/05/2025, 11:06:00]: Executed pluginKey plugin-client.1 | Resolving path 'planejamentoControllerPlanejamentoMethod.ts' |  "C:\\workspace\\PlanejamentoEthosPortal\\src\\api\\client\\planejamentoControllerPlanejamentoMethod.ts"
[29/05/2025, 11:06:00]: Executing pluginKey plugin-ts.1 | Resolving name ' PlanejamentoController_planejamentoMethod ' and type 'file'
[29/05/2025, 11:06:00]: Executed pluginKey plugin-ts.1 | Resolving name ' PlanejamentoController_planejamentoMethod ' and type 'file' |  "PlanejamentoControllerPlanejamentoMethod"
[29/05/2025, 11:06:00]: Executing pluginKey plugin-ts.1 | Resolving path 'PlanejamentoControllerPlanejamentoMethod.ts'
[29/05/2025, 11:06:00]: Executed pluginKey plugin-ts.1 | Resolving path 'PlanejamentoControllerPlanejamentoMethod.ts' |  "C:\\workspace\\PlanejamentoEthosPortal\\src\\api\\models\\PlanejamentoControllerPlanejamentoMethod.ts"
[29/05/2025, 11:06:00]: Executing pluginKey plugin-ts.1 | Resolving name 'PlanejamentoControllerPlanejamentoMethod201' and type 'type'
[29/05/2025, 11:06:00]: Executed pluginKey plugin-ts.1 | Resolving name 'PlanejamentoControllerPlanejamentoMethod201' and type 'type' |  "PlanejamentoControllerPlanejamentoMethod201"
[29/05/2025, 11:06:00]: Executing pluginKey plugin-ts.1 | Resolving name 'PlanejamentoControllerPlanejamentoMethodMutationResponse' and type 'type'
[29/05/2025, 11:06:00]: Executed pluginKey plugin-ts.1 | Resolving name 'PlanejamentoControllerPlanejamentoMethodMutationResponse' and type 'type' |  "PlanejamentoControllerPlanejamentoMethodMutationResponse"
[29/05/2025, 11:06:00]: Executing pluginKey plugin-ts.1 | Resolving name 'PlanejamentoControllerPlanejamentoMethod201' and type 'type'
[29/05/2025, 11:06:00]: Executed pluginKey plugin-ts.1 | Resolving name 'PlanejamentoControllerPlanejamentoMethod201' and type 'type' |  "PlanejamentoControllerPlanejamentoMethod201"
[29/05/2025, 11:06:00]: No hook 'resolveName' for pluginKey '["plugin-zod"]' found, falling back on the '@kubb/core' plugin
[29/05/2025, 11:06:00]: Executing pluginKey core.2 | Resolving name ' PlanejamentoController_planejamentoMethod ' and type 'file'
[29/05/2025, 11:06:00]: Executed pluginKey core.2 | Resolving name ' PlanejamentoController_planejamentoMethod ' and type 'file' |  "PlanejamentoController_planejamentoMethod"
[29/05/2025, 11:06:00]: No hook 'resolvePath' for pluginKey '["plugin-zod"]' found, falling back on the '@kubb/core' plugin
[29/05/2025, 11:06:00]: Executing pluginKey core.2 | Resolving path 'PlanejamentoController_planejamentoMethod.ts'
[29/05/2025, 11:06:00]: Executed pluginKey core.2 | Resolving path 'PlanejamentoController_planejamentoMethod.ts' |  "C:\\workspace\\PlanejamentoEthosPortal\\src\\api\\PlanejamentoController_planejamentoMethod.ts"
[29/05/2025, 11:06:00]: No hook 'resolveName' for pluginKey '["plugin-zod"]' found, falling back on the '@kubb/core' plugin
[29/05/2025, 11:06:00]: Executing pluginKey core.2 | Resolving name 'PlanejamentoControllerPlanejamentoMethod201' and type 'function'
[29/05/2025, 11:06:00]: Executed pluginKey core.2 | Resolving name 'PlanejamentoControllerPlanejamentoMethod201' and type 'function' |  "PlanejamentoControllerPlanejamentoMethod201"
[29/05/2025, 11:06:00]: No hook 'resolveName' for pluginKey '["plugin-zod"]' found, falling back on the '@kubb/core' plugin
[29/05/2025, 11:06:00]: Executing pluginKey core.2 | Resolving name 'PlanejamentoControllerPlanejamentoMethodMutationResponse' and type 'function'
[29/05/2025, 11:06:00]: Executed pluginKey core.2 | Resolving name 'PlanejamentoControllerPlanejamentoMethodMutationResponse' and type 'function' |  "PlanejamentoControllerPlanejamentoMethodMutationResponse"
[29/05/2025, 11:06:00]: No hook 'resolveName' for pluginKey '["plugin-zod"]' found, falling back on the '@kubb/core' plugin
[29/05/2025, 11:06:00]: Executing pluginKey core.2 | Resolving name 'PlanejamentoControllerPlanejamentoMethod201' and type 'function'
[29/05/2025, 11:06:00]: Executed pluginKey core.2 | Resolving name 'PlanejamentoControllerPlanejamentoMethod201' and type 'function' |  "PlanejamentoControllerPlanejamentoMethod201"
[29/05/2025, 11:06:00]: Start barrel generation for pluginKey plugin-client.1 and root 'C:\workspace\PlanejamentoEthosPortal\src\api\client'
[29/05/2025, 11:06:00]: Executed pluginKey plugin-client.1 | buildStart |  undefined